TN:
SF:src\daos\VegetablesCsvDAO.ts
FN:5,(anonymous_0)
FNF:1
FNH:1
FNDA:1,(anonymous_0)
DA:2,1
DA:4,1
DA:6,1
DA:8,1
DA:10,1
DA:11,22
DA:17,22
DA:18,22
DA:19,44
DA:20,44
DA:21,22
DA:22,22
DA:23,22
DA:25,22
DA:26,22
LF:15
LH:15
BRDA:20,0,0,22
BRDA:20,0,1,22
BRF:2
BRH:2
end_of_record
TN:
SF:src\daos\VegetablesDAO.ts
FN:9,(anonymous_0)
FN:15,(anonymous_1)
FN:16,(anonymous_2)
FN:20,(anonymous_3)
FN:22,(anonymous_4)
FN:27,(anonymous_5)
FN:28,(anonymous_6)
FN:31,(anonymous_7)
FNF:8
FNH:8
FNDA:2,(anonymous_0)
FNDA:2,(anonymous_1)
FNDA:2,(anonymous_2)
FNDA:2,(anonymous_3)
FNDA:32,(anonymous_4)
FNDA:2,(anonymous_5)
FNDA:9,(anonymous_6)
FNDA:38,(anonymous_7)
DA:1,2
DA:3,2
DA:5,2
DA:10,2
DA:11,2
DA:12,2
DA:16,2
DA:17,2
DA:21,2
DA:22,32
DA:24,2
DA:28,2
DA:29,9
DA:31,38
DA:33,2
LF:15
LH:15
BRF:0
BRH:0
end_of_record
TN:
SF:src\daos\VegetablesJsonDAO.ts
FN:5,(anonymous_0)
FNF:1
FNH:1
FNDA:1,(anonymous_0)
DA:2,1
DA:4,1
DA:6,1
DA:7,1
DA:8,1
LF:5
LH:5
BRF:0
BRH:0
end_of_record
